0 info it worked if it ends with ok
1 verbose cli [ 'C:\\Program Files\\nodejs\\node.exe',
1 verbose cli   'C:\\Program Files\\nodejs\\node_modules\\npm\\bin\\npm-cli.js',
1 verbose cli   'start' ]
2 info using npm@3.10.3
3 info using node@v6.4.0
4 verbose run-script [ 'prestart', 'start', 'poststart' ]
5 info lifecycle app@1.0.0~prestart: app@1.0.0
6 silly lifecycle app@1.0.0~prestart: no script for prestart, continuing
7 info lifecycle app@1.0.0~start: app@1.0.0
8 verbose lifecycle app@1.0.0~start: unsafe-perm in lifecycle true
9 verbose lifecycle app@1.0.0~start: PATH: C:\Program Files\nodejs\node_modules\npm\bin\node-gyp-bin;C:\Users\CarlosEnrique\Desktop\DesarrolloYServicios_WEB\ClaseDieciseis\app\node_modules\.bin;C:\Program Files\nodejs;C:\Users\CarlosEnrique\bin;C:\Program Files\Git\mingw64\bin;C:\Program Files\Git\usr\local\bin;C:\Program Files\Git\usr\bin;C:\Program Files\Git\usr\bin;C:\Program Files\Git\mingw64\bin;C:\Program Files\Git\usr\bin;C:\Users\CarlosEnrique\bin;C:\ProgramData\Oracle\Java\javapath;C:\Windows\system32;C:\Windows;C:\Windows\System32\Wbem;C:\Windows\System32\WindowsPowerShell\v1.0;C:\Program Files (x86)\Skype\Phone;C:\Windows\system32\config\systemprofile\.dnx\bin;C:\Program Files\Microsoft DNX\Dnvm;C:\Program Files\Microsoft SQL Server\130\Tools\Binn;C:\Program Files\Git\cmd;C:\HashiCorp\Vagrant\bin;C:\Program Files\nodejs;C:\AppServ\Apache2.2\bin;C:\AppServ\php6;C:\AppServ\MySQL\bin;C:\ProgramData\CarlosEnrique\atom\bin;C:\Program Files (x86)\clisp-2.49;C:\Users\CarlosEnrique\AppData\Roaming\npm;C:\Program Files\Git\usr\bin\vendor_perl;C:\Program Files\Git\usr\bin\core_perl
10 verbose lifecycle app@1.0.0~start: CWD: C:\Users\CarlosEnrique\Desktop\DesarrolloYServicios_WEB\ClaseDieciseis\app
11 silly lifecycle app@1.0.0~start: Args: [ '/d /s /c', 'jshint app.js && node app.js && nodemon app.js' ]
12 silly lifecycle app@1.0.0~start: Returned: code: 2  signal: null
13 info lifecycle app@1.0.0~start: Failed to exec start script
14 verbose stack Error: app@1.0.0 start: `jshint app.js && node app.js && nodemon app.js`
14 verbose stack Exit status 2
14 verbose stack     at EventEmitter.<anonymous> (C:\Program Files\nodejs\node_modules\npm\lib\utils\lifecycle.js:242:16)
14 verbose stack     at emitTwo (events.js:106:13)
14 verbose stack     at EventEmitter.emit (events.js:191:7)
14 verbose stack     at ChildProcess.<anonymous> (C:\Program Files\nodejs\node_modules\npm\lib\utils\spawn.js:40:14)
14 verbose stack     at emitTwo (events.js:106:13)
14 verbose stack     at ChildProcess.emit (events.js:191:7)
14 verbose stack     at maybeClose (internal/child_process.js:852:16)
14 verbose stack     at Process.ChildProcess._handle.onexit (internal/child_process.js:215:5)
15 verbose pkgid app@1.0.0
16 verbose cwd C:\Users\CarlosEnrique\Desktop\DesarrolloYServicios_WEB\ClaseDieciseis\app
17 error Windows_NT 6.3.9600
18 error argv "C:\\Program Files\\nodejs\\node.exe" "C:\\Program Files\\nodejs\\node_modules\\npm\\bin\\npm-cli.js" "start"
19 error node v6.4.0
20 error npm  v3.10.3
21 error code ELIFECYCLE
22 error app@1.0.0 start: `jshint app.js && node app.js && nodemon app.js`
22 error Exit status 2
23 error Failed at the app@1.0.0 start script 'jshint app.js && node app.js && nodemon app.js'.
23 error Make sure you have the latest version of node.js and npm installed.
23 error If you do, this is most likely a problem with the app package,
23 error not with npm itself.
23 error Tell the author that this fails on your system:
23 error     jshint app.js && node app.js && nodemon app.js
23 error You can get information on how to open an issue for this project with:
23 error     npm bugs app
23 error Or if that isn't available, you can get their info via:
23 error     npm owner ls app
23 error There is likely additional logging output above.
24 verbose exit [ 1, true ]
